
ROM used:   184/8192 (2%)
            184/8192 (2%) including unused fragments

            0.2 Average locations per line
            3.8 Average locations per statement

RAM used:   14/368 (4%) at main() level
            15/368 (4%) worst case

Stack used: 2 worst case (2 in main + 0 for interrupts)
Stack size: 8

Lines Stmts  %   Files
----- ----- ---  -----
  101    48 100  main.c
  671     0   0  C:\Program Files (x86)\PICC\Devices\16f877A.h
----- -----
  772    48 Total

Page ROM  %  RAM   Vol Diff  Functions:
---- --- --- ---   --- ----  ----------
 Inline         1    14  0.8  @delay_ms1
0      8   4    0             @const621
0     17   9    0   127  2.1  buton
0     31  17    0    96  2.9  delay_buton
0    124  67    1  1188  7.8  MAIN
 Inline         0             @cinit1

Program metrics:
    Functions               4
    Statements              48
    Comments                123
    Volume (V)              1710
    Difficulty (D)          14.1
    Effort to implement (E) 24189
    Time to implement (T)   22 minutes
    Est Delivered Bugs (B)  0
    Cyclomatic Complexity   11
    Maintainability (MI)    136

 Segment     Used  Free
-----------  ----  ----
00000-00003     4  0  
00004-007FF   180  1864  
00800-00FFF     0  2048  
01000-017FF     0  2048  
01800-01FFF     0  2048  



