
ROM used:   759/8192 (9%)
            759/8192 (9%) including unused fragments

            0.6 Average locations per line
            5.6 Average locations per statement

RAM used:   12/368 (3%) at main() level
            28/368 (8%) worst case

Stack used: 5 worst case (5 in main + 0 for interrupts)
Stack size: 8

Lines Stmts  %   Files
----- ----- ---  -----
   91    52  38  main.c
   10     0   0  main.h
  671     0   0  C:\Program Files (x86)\PICC\Devices\16F877A.h
  456    84  62  C:\Program Files (x86)\PICC\Drivers\lcd.c
----- -----
 1228   136 Total

Page ROM  %  RAM   Vol Diff  Functions:
---- --- --- ---   --- ----  ----------
0     21   3    1             @delay_ms2
 Inline         3   596  5.9  lcd_read_byte
0      6   1    0    59  4.2  lcd_read_nibble
0     12   2    1   179  3.3  lcd_send_nibble
0     64   8    3   460  4.7  lcd_send_byte
0     62   8    6   814  7.2  lcd_init
0     18   2    4   208  6.3  lcd_gotoxy
0     44   6    1   354  4.7  lcd_putc
0     16   2    0   125  3.0  button_up1
0     16   2    0   125  3.0  button_up2
0     18   2    0   143  3.0  button_plus
0     14   2    0   119  2.9  delay_button
0    130  17    0   715  3.8  MAIN
0      9   1    0             @const677
0     88  12    4             @PSTRINGC7_651
0      9   1    0             @const679
0     87  11    5             @PSTRINGCN7_651
0     21   3    3             @DIV88
0     87  11    6             @PRINTF_D_651
0      9   1    0             @const688
0      9   1    0             @const689
0      9   1    0             @const690
0      6   1    0             @const691
 Inline         0             @cinit1

Program metrics:
    Functions               12
    Statements              136
    Comments                219
    Volume (V)              6325
    Difficulty (D)          50.2
    Effort to implement (E) 317205
    Time to implement (T)   4 hours, 54 minutes
    Est Delivered Bugs (B)  2
    Cyclomatic Complexity   15
    Maintainability (MI)    115

 Segment     Used  Free
-----------  ----  ----
00000-00003     4  0  
00004-007FF   755  1289  
00800-00FFF     0  2048  
01000-017FF     0  2048  
01800-01FFF     0  2048  



