
ROM used:   161/8192 (2%)
            161/8192 (2%) including unused fragments

            0.2 Average locations per line
            3.7 Average locations per statement

RAM used:   7/368 (2%) at main() level
            8/368 (2%) worst case

Stack used: 1 worst case (1 in main + 0 for interrupts)
Stack size: 8

Lines Stmts  %   Files
----- ----- ---  -----
   80    44 100  1.soru.c
   10     0   0  1.soru.h
  671     0   0  ..\..\..\..\..\..\Program Files (x86)\PICC\Devices\16F877A.h
----- -----
  761    44 Total

Page ROM  %  RAM   Vol Diff  Functions:
---- --- --- ---   --- ----  ----------
0     21  13    1             @delay_ms2
0    136  84    1   944  4.8  main
 Inline         0             @cinit1

Program metrics:
    Functions               1
    Statements              44
    Comments                119
    Volume (V)              950
    Difficulty (D)          4.7
    Effort to implement (E) 4453
    Time to implement (T)   4 minutes
    Est Delivered Bugs (B)  0
    Cyclomatic Complexity   8
    Maintainability (MI)    26

 Segment     Used  Free
-----------  ----  ----
00000-00003     4  0  
00004-007FF   157  1887  
00800-00FFF     0  2048  
01000-017FF     0  2048  
01800-01FFF     0  2048  



