
ROM used:   162/8192 (2%)
            162/8192 (2%) including unused fragments

            0.2 Average locations per line
            3.5 Average locations per statement

RAM used:   8/368 (2%) at main() level
            9/368 (2%) worst case

Stack used: 1 worst case (1 in main + 0 for interrupts)
Stack size: 8

Lines Stmts  %   Files
----- ----- ---  -----
   64    46 100  main.c
   10     0   0  main.h
  671     0   0  C:\Program Files (x86)\PICC\Devices\16F877A.h
----- -----
  745    46 Total

Page ROM  %  RAM   Vol Diff  Functions:
---- --- --- ---   --- ----  ----------
0     21  13    1             @delay_ms2
0    137  85    0  1226  6.8  main
 Inline         0             @cinit1

Program metrics:
    Functions               1
    Statements              46
    Comments                119
    Volume (V)              1231
    Difficulty (D)          6.7
    Effort to implement (E) 8199
    Time to implement (T)   8 minutes
    Est Delivered Bugs (B)  0
    Cyclomatic Complexity   8
    Maintainability (MI)    24

 Segment     Used  Free
-----------  ----  ----
00000-00003     4  0  
00004-007FF   158  1886  
00800-00FFF     0  2048  
01000-017FF     0  2048  
01800-01FFF     0  2048  



