
ROM used:   131/8192 (2%)
            131/8192 (2%) including unused fragments

            0.2 Average locations per line
            3.1 Average locations per statement

RAM used:   10/368 (3%) at main() level
            11/368 (3%) worst case

Stack used: 2 worst case (2 in main + 0 for interrupts)
Stack size: 8

Lines Stmts  %   Files
----- ----- ---  -----
   76    42 100  main.c
   10     0   0  main.h
  639     0   0  C:\Program Files (x86)\PICC\Devices\16F877.h
----- -----
  725    42 Total

Page ROM  %  RAM   Vol Diff  Functions:
---- --- --- ---   --- ----  ----------
 Inline         1             @delay_ms2
0     22  17    0   138  3.4  buton_start
0     25  19    0   172  3.9  buton_stop
0     35  27    0   134  4.2  delay_stop
0     45  34    0   383  5.6  MAIN
 Inline         0             @cinit1

Program metrics:
    Functions               4
    Statements              42
    Comments                111
    Volume (V)              1155
    Difficulty (D)          16.8
    Effort to implement (E) 19395
    Time to implement (T)   18 minutes
    Est Delivered Bugs (B)  0
    Cyclomatic Complexity   8
    Maintainability (MI)    151

 Segment     Used  Free
-----------  ----  ----
00000-00003     4  0  
00004-007FF   127  1917  
00800-00FFF     0  2048  
01000-017FF     0  2048  
01800-01FFF     0  2048  



