
ROM used:   226/8192 (3%)
            226/8192 (3%) including unused fragments

            0.3 Average locations per line
            6.3 Average locations per statement

RAM used:   40/368 (11%) at main() level
            46/368 (12%) worst case

Stack used: 1 worst case (1 in main + 0 for interrupts)
Stack size: 8

Lines Stmts  %   Files
----- ----- ---  -----
   80    36 100  Matris LED Display Uygulamasý.c
  642     0   0  ..\..\..\..\..\..\..\Program Files (x86)\PICC\Devices\16f877.h
----- -----
  722    36 Total

Page ROM  %  RAM    Vol Diff  Functions:
---- --- --- ---    --- ----  ----------
 Inline         1             @delay_ms1
0     28  12    1    240  3.5  sutunsec
0      9   4    0             @goto46051
0     52  23    6    282  4.3  matris_karakter_gonder
0    133  59    0    494  2.4  MAIN
 Inline         0             @cinit1

Program metrics:
    Functions               3
    Statements              36
    Comments                151
    Volume (V)              1329
    Difficulty (D)          10.0
    Effort to implement (E) 13291
    Time to implement (T)   12 minutes
    Est Delivered Bugs (B)  0
    Cyclomatic Complexity   7
    Maintainability (MI)    49

 Segment     Used  Free
-----------  ----  ----
00000-00003     4  0  
00004-007FF   222  1822  
00800-00FFF     0  2048  
01000-017FF     0  2048  
01800-01FFF     0  2048  



