
ROM used:   193/8192 (2%)
            193/8192 (2%) including unused fragments

            0.3 Average locations per line
            3.3 Average locations per statement

RAM used:   9/368 (2%) at main() level
            10/368 (3%) worst case

Stack used: 1 worst case (1 in main + 0 for interrupts)
Stack size: 8

Lines Stmts  %   Files
----- ----- ---  -----
   80    59 100  main.c
   10     0   0  main.h
  671     0   0  C:\Program Files (x86)\PICC\Devices\16F877A.h
----- -----
  761    59 Total

Page ROM  %  RAM   Vol Diff  Functions:
---- --- --- ---   --- ----  ----------
0     21  11    1             @delay_ms2
0    168  87    0  1595  7.8  main
 Inline         0             @cinit1

Program metrics:
    Functions               1
    Statements              59
    Comments                119
    Volume (V)              1601
    Difficulty (D)          7.7
    Effort to implement (E) 12299
    Time to implement (T)   11 minutes
    Est Delivered Bugs (B)  0
    Cyclomatic Complexity   10
    Maintainability (MI)    18

 Segment     Used  Free
-----------  ----  ----
00000-00003     4  0  
00004-007FF   189  1855  
00800-00FFF     0  2048  
01000-017FF     0  2048  
01800-01FFF     0  2048  



