
ROM used:   421/8192 (5%)
            421/8192 (5%) including unused fragments

            0.5 Average locations per line
            4.5 Average locations per statement

RAM used:   29/368 (8%) at main() level
            33/368 (9%) worst case

Stack used: 1 worst case (1 in main + 0 for interrupts)
Stack size: 8

Lines Stmts  %   Files
----- ----- ---  -----
  162    93 100  main.c
   10     0   0  main.h
  671     0   0  C:\Program Files (x86)\PICC\Devices\16F877A.h
----- -----
  843    93 Total

Page ROM  %  RAM   Vol Diff  Functions:
---- --- --- ---   --- ----  ----------
0     21   5    1             @delay_ms2
0     28   7    0   209  4.5  button_up
0     29   7    0   209  4.5  button_down
0     44  10    0   377  4.2  button_stop
0    274  65    1  1939  7.9  MAIN
0     21   5    3             @DIV88
 Inline         0             @cinit1

Program metrics:
    Functions               4
    Statements              93
    Comments                125
    Volume (V)              3395
    Difficulty (D)          21.3
    Effort to implement (E) 72425
    Time to implement (T)   1 hours, 7 minutes
    Est Delivered Bugs (B)  1
    Cyclomatic Complexity   13
    Maintainability (MI)    119

 Segment     Used  Free
-----------  ----  ----
00000-00003     4  0  
00004-007FF   417  1627  
00800-00FFF     0  2048  
01000-017FF     0  2048  
01800-01FFF     0  2048  



