
ROM used:   523/8192 (6%)
            523/8192 (6%) including unused fragments

            0.6 Average locations per line
            6.1 Average locations per statement

RAM used:   45/368 (12%) at main() level
            52/368 (14%) worst case

Stack used: 3 worst case (1 in main + 2 for interrupts)
Stack size: 8

Lines Stmts  %   Files
----- ----- ---  -----
  155    86 100  main.c
   10     0   0  main.h
  671     0   0  C:\Program Files (x86)\PICC\Devices\16F877A.h
----- -----
  836    86 Total

Page ROM  %  RAM   Vol Diff  Functions:
---- --- --- ---   --- ----  ----------
0     21   4    1             @delay_ms2
0     31   6    0   183  3.6  button_stop
0     37   7    0   214  4.0  button_up
0     93  18    0   521  3.8  ext_kesmesi
0    257  49    1  1337  7.4  MAIN
0     37   7    5             @DIV1616
 Inline         0             @cinit1

Program metrics:
    Functions               4
    Statements              86
    Comments                123
    Volume (V)              2895
    Difficulty (D)          18.9
    Effort to implement (E) 54578
    Time to implement (T)   51 minutes
    Est Delivered Bugs (B)  0
    Cyclomatic Complexity   10
    Maintainability (MI)    124

 Segment     Used  Free
-----------  ----  ----
00000-00003     4  0  
00004-0002E    43  0  
0002F-007FF   476  1525  
00800-00FFF     0  2048  
01000-017FF     0  2048  
01800-01FFF     0  2048  



