
ROM used:   1252/8192 (15%)
            1252/8192 (15%) including unused fragments

            1.0 Average locations per line
            10.3 Average locations per statement

RAM used:   43/368 (12%) at main() level
            66/368 (18%) worst case

Stack used: 7 worst case (5 in main + 2 for interrupts)
Stack size: 8

Lines Stmts  %   Files
----- ----- ---  -----
   63    38  31  main.c
   10     0   0  main.h
  671     0   0  ..\..\..\..\..\Program Files (x86)\PICC\Devices\16F877A.h
  456    84  69  ..\..\..\..\..\Program Files (x86)\PICC\Drivers\lcd.c
----- -----
 1200   122 Total

Page ROM  %  RAM   Vol Diff  Functions:
---- --- --- ---   --- ----  ----------
0     21   2    1   596  5.9  @delay_ms2
 Inline         3   596  5.9  lcd_read_byte
0      6   0    0    59  4.2  lcd_read_nibble
0     12   1    1   179  3.3  lcd_send_nibble
0     64   5    3   460  4.7  lcd_send_byte
0     80   6    6   814  7.2  lcd_init
0     18   1    4   208  6.3  lcd_gotoxy
0     50   4    1   354  4.7  lcd_putc
0      9   1    0    48  1.1  ADC_kesme
0    365  29    4  1156  3.3  MAIN
0      9   1    0             @const674
0     88   7    4             @PSTRINGC7_651
0     29   2    2             @ITOF
0    117   9   13             @MULFF
 Inline         5             @FTOSD
0     79   6   13             @DIV3232
0    224  18   13             @PRINTF_L32D_651FPFPF
 Inline         0             @cinit1

Program metrics:
    Functions               10
    Statements              122
    Comments                219
    Volume (V)              6846
    Difficulty (D)          44.1
    Effort to implement (E) 301979
    Time to implement (T)   4 hours, 40 minutes
    Est Delivered Bugs (B)  2
    Cyclomatic Complexity   8
    Maintainability (MI)    137

 Segment     Used  Free
-----------  ----  ----
00000-00003     4  0  
00004-00050    77  0  
00051-007FF  1171  796  
00800-00FFF     0  2048  
01000-017FF     0  2048  
01800-01FFF     0  2048  



