
ROM used:   104/8192 (1%)
            104/8192 (1%) including unused fragments

            0.1 Average locations per line
            8.0 Average locations per statement

RAM used:   13/368 (4%) at main() level
            13/368 (4%) worst case

Stack used: 1 worst case (0 in main + 1 for interrupts)
Stack size: 8

Lines Stmts  %   Files
----- ----- ---  -----
   33    13 100  main.c
   10     0   0  main.h
  671     0   0  C:\Program Files (x86)\PICC\Devices\16F877A.h
----- -----
  714    13 Total

Page ROM  %  RAM   Vol Diff  Functions:
---- --- --- ---   --- ----  ----------
0     13  12    0    45  1.4  timer2_kesme
0     42  40    0   204  2.7  MAIN
 Inline         0             @cinit1

Program metrics:
    Functions               2
    Statements              13
    Comments                119
    Volume (V)              296
    Difficulty (D)          4.1
    Effort to implement (E) 1225
    Time to implement (T)   1 minutes
    Est Delivered Bugs (B)  0
    Cyclomatic Complexity   1
    Maintainability (MI)    86

 Segment     Used  Free
-----------  ----  ----
00000-00003     4  0  
00004-00030    45  0  
00031-007FF    55  1944  
00800-00FFF     0  2048  
01000-017FF     0  2048  
01800-01FFF     0  2048  



