
ROM used:   1201/8192 (15%)
            1201/8192 (15%) including unused fragments

            1.0 Average locations per line
            9.6 Average locations per statement

RAM used:   20/368 (5%) at main() level
            45/368 (12%) worst case

Stack used: 5 worst case (5 in main + 0 for interrupts)
Stack size: 8

Lines Stmts  %   Files
----- ----- ---  -----
   70    41  33  main.c
  671     0   0  C:\Program Files (x86)\PICC\Devices\16f877a.h
  456    84  67  C:\Program Files (x86)\PICC\Drivers\lcd.c
----- -----
 1197   125 Total

Page ROM  %  RAM   Vol Diff  Functions:
---- --- --- ---   --- ----  ----------
0     21   2    1             @delay_ms1
 Inline         3   596  5.9  lcd_read_byte
0      6   0    0    59  4.2  lcd_read_nibble
0     12   1    1   179  3.3  lcd_send_nibble
0     64   5    3   460  4.7  lcd_send_byte
0     62   5    6   814  7.2  lcd_init
0     18   1    4   208  6.3  lcd_gotoxy
0     44   4    1   354  4.7  lcd_putc
0    335  28    1  1220  5.3  MAIN
0     31   3    2             @ITOF
0    117  10   13             @MULFF
0     63   5   10             @FLT
0      6   0    0             @const674
0     86   7    4             @PSTRINGC7_647
 Inline         5             @FTOSD
0     79   7   13             @DIV3232
0    226  19   13             @PRINTF_L32D_647FPFPF
0      9   1    0             @const685
0      9   1    0             @const686
0      9   1    0             @const687
 Inline         0             @cinit1

Program metrics:
    Functions               8
    Statements              125
    Comments                219
    Volume (V)              5751
    Difficulty (D)          38.3
    Effort to implement (E) 220495
    Time to implement (T)   3 hours, 24 minutes
    Est Delivered Bugs (B)  1
    Cyclomatic Complexity   12
    Maintainability (MI)    140

 Segment     Used  Free
-----------  ----  ----
00000-00003     4  0  
00004-007FF  1197  847  
00800-00FFF     0  2048  
01000-017FF     0  2048  
01800-01FFF     0  2048  



