
ROM used:   284/8192 (3%)
            284/8192 (3%) including unused fragments

            0.4 Average locations per line
            4.1 Average locations per statement

RAM used:   25/368 (7%) at main() level
            26/368 (7%) worst case

Stack used: 1 worst case (1 in main + 0 for interrupts)
Stack size: 8

Lines Stmts  %   Files
----- ----- ---  -----
  119    69 100  main.c
   10     0   0  main.h
  671     0   0  C:\Program Files (x86)\PICC\Devices\16F877A.h
----- -----
  800    69 Total

Page ROM  %  RAM   Vol Diff  Functions:
---- --- --- ---   --- ----  ----------
0     21   7    1             @delay_ms2
0     24   8    0   156  3.9  button_up
0     26   9    0   156  3.9  button_down
0     38  13    0   325  4.2  button_stop
0    171  60    1  1217  6.3  MAIN
 Inline         0             @cinit1

Program metrics:
    Functions               4
    Statements              69
    Comments                119
    Volume (V)              2372
    Difficulty (D)          18.6
    Effort to implement (E) 44034
    Time to implement (T)   41 minutes
    Est Delivered Bugs (B)  0
    Cyclomatic Complexity   11
    Maintainability (MI)    132

 Segment     Used  Free
-----------  ----  ----
00000-00003     4  0  
00004-007FF   280  1764  
00800-00FFF     0  2048  
01000-017FF     0  2048  
01800-01FFF     0  2048  



