
ROM used:   261/8192 (3%)
            261/8192 (3%) including unused fragments

            0.3 Average locations per line
            4.3 Average locations per statement

RAM used:   17/368 (5%) at main() level
            24/368 (7%) worst case

Stack used: 3 worst case (1 in main + 2 for interrupts)
Stack size: 8

Lines Stmts  %   Files
----- ----- ---  -----
  107    61 100  main.c
   10     0   0  main.h
  671     0   0  C:\Program Files (x86)\PICC\Devices\16F877A.h
----- -----
  788    61 Total

Page ROM  %  RAM   Vol Diff  Functions:
---- --- --- ---   --- ----  ----------
0     21   8    1             @delay_ms2
0     38  15    0   265  4.1  timer0_intt
0     16   6    0    86  2.8  start_f
0     17   7    0   145  3.9  stop_f
0    122  47    0  1118  7.1  MAIN
 Inline         0             @cinit1

Program metrics:
    Functions               4
    Statements              61
    Comments                119
    Volume (V)              2048
    Difficulty (D)          18.4
    Effort to implement (E) 37660
    Time to implement (T)   35 minutes
    Est Delivered Bugs (B)  0
    Cyclomatic Complexity   12
    Maintainability (MI)    135

 Segment     Used  Free
-----------  ----  ----
00000-00003     4  0  
00004-0002E    43  0  
0002F-007FF   214  1787  
00800-00FFF     0  2048  
01000-017FF     0  2048  
01800-01FFF     0  2048  



