
ROM used:   537/8192 (7%)
            537/8192 (7%) including unused fragments

            0.6 Average locations per line
            4.6 Average locations per statement

RAM used:   35/368 (10%) at main() level
            43/368 (12%) worst case

Stack used: 1 worst case (1 in main + 0 for interrupts)
Stack size: 8

Lines Stmts  %   Files
----- ----- ---  -----
  187   117 100  main.c
   10     0   0  main.h
  671     0   0  C:\Program Files (x86)\PICC\Devices\16F877A.h
----- -----
  868   117 Total

Page ROM  %  RAM   Vol Diff  Functions:
---- --- --- ---   --- ----  ----------
0     21   4    1             @delay_ms2
0     32   6    0   233  4.1  button_stop
0     37   7    0   252  4.6  button_up
0    406  76    1  3048  7.0  MAIN
0     37   7    5             @DIV1616
 Inline         0             @cinit1

Program metrics:
    Functions               3
    Statements              117
    Comments                123
    Volume (V)              4000
    Difficulty (D)          16.1
    Effort to implement (E) 64224
    Time to implement (T)   59 minutes
    Est Delivered Bugs (B)  1
    Cyclomatic Complexity   16
    Maintainability (MI)    49

 Segment     Used  Free
-----------  ----  ----
00000-00003     4  0  
00004-007FF   533  1511  
00800-00FFF     0  2048  
01000-017FF     0  2048  
01800-01FFF     0  2048  



