
ROM used:   229/8192 (3%)
            229/8192 (3%) including unused fragments

            0.3 Average locations per line
            2.5 Average locations per statement

RAM used:   16/368 (4%) at main() level
            17/368 (5%) worst case

Stack used: 2 worst case (2 in main + 0 for interrupts)
Stack size: 8

Lines Stmts  %   Files
----- ----- ---  -----
  138    93 100  main.c
   10     0   0  main.h
  639     0   0  C:\Program Files (x86)\PICC\Devices\16F877.h
----- -----
  787    93 Total

Page ROM  %  RAM   Vol Diff  Functions:
---- --- --- ---   --- ----  ----------
 Inline         1             @delay_ms2
0     16   7    0   143  3.0  buton_start_1
0     16   7    0   143  3.0  buton_start_2
0     16   7    0   143  3.0  buton_start_3
 Inline         0   248  3.7  buton_stop
0     79  34    0   253  4.5  delay_button_control
0     98  43    0  1192  6.3  MAIN
 Inline         0             @cinit1

Program metrics:
    Functions               6
    Statements              93
    Comments                111
    Volume (V)              2962
    Difficulty (D)          23.8
    Effort to implement (E) 70561
    Time to implement (T)   1 hours, 5 minutes
    Est Delivered Bugs (B)  1
    Cyclomatic Complexity   15
    Maintainability (MI)    112

 Segment     Used  Free
-----------  ----  ----
00000-00003     4  0  
00004-007FF   225  1819  
00800-00FFF     0  2048  
01000-017FF     0  2048  
01800-01FFF     0  2048  



