
ROM used:   382/8192 (5%)
            382/8192 (5%) including unused fragments

            0.5 Average locations per line
            4.3 Average locations per statement

RAM used:   59/368 (16%) at main() level
            65/368 (18%) worst case

Stack used: 3 worst case (3 in main + 0 for interrupts)
Stack size: 8

Lines Stmts  %   Files
----- ----- ---  -----
  148    88 100  soru3.c
   10     0   0  soru3.h
  671     0   0  ..\..\..\..\Program Files (x86)\PICC\Devices\16F877A.h
----- -----
  829    88 Total

Page ROM  %  RAM   Vol Diff  Functions:
---- --- --- ---   --- ----  ----------
 Inline         1             @delay_ms2
0     28   7    1   240  3.5  sutunsec
0      9   2    0   197  2.7  @goto10581
0     18   5    0   152  2.6  button_name
0     18   5    0   152  2.6  button_number
0     16   4    0   152  2.6  button_stop
0     69  18    6   478  5.8  matris_karakter_gonder
0    220  58    0   983  3.4  MAIN
 Inline         0             @cinit1

Program metrics:
    Functions               7
    Statements              88
    Comments                119
    Volume (V)              3476
    Difficulty (D)          23.5
    Effort to implement (E) 81790
    Time to implement (T)   1 hours, 16 minutes
    Est Delivered Bugs (B)  1
    Cyclomatic Complexity   15
    Maintainability (MI)    102

 Segment     Used  Free
-----------  ----  ----
00000-00003     4  0  
00004-007FF   378  1666  
00800-00FFF     0  2048  
01000-017FF     0  2048  
01800-01FFF     0  2048  



