
ROM used:   188/8192 (2%)
            188/8192 (2%) including unused fragments

            0.2 Average locations per line
            4.0 Average locations per statement

RAM used:   13/368 (4%) at main() level
            14/368 (4%) worst case

Stack used: 1 worst case (1 in main + 0 for interrupts)
Stack size: 8

Lines Stmts  %   Files
----- ----- ---  -----
   80    47 100  main.c
   10     0   0  main.h
  671     0   0  C:\Program Files (x86)\PICC\Devices\16F877A.h
----- -----
  761    47 Total

Page ROM  %  RAM   Vol Diff  Functions:
---- --- --- ---   --- ----  ----------
0     21  11    1             @delay_ms2
0     20  11    0             @const631
0     15   8    1    96  3.2  input_button
0     14   7    1   110  3.3  input_button_stop
0    114  61    1   837  6.7  MAIN
 Inline         0             @cinit1

Program metrics:
    Functions               3
    Statements              47
    Comments                119
    Volume (V)              1261
    Difficulty (D)          13.2
    Effort to implement (E) 16700
    Time to implement (T)   15 minutes
    Est Delivered Bugs (B)  0
    Cyclomatic Complexity   8
    Maintainability (MI)    78

 Segment     Used  Free
-----------  ----  ----
00000-00003     4  0  
00004-007FF   184  1860  
00800-00FFF     0  2048  
01000-017FF     0  2048  
01800-01FFF     0  2048  



