
ROM used:   525/8192 (6%)
            525/8192 (6%) including unused fragments

            0.6 Average locations per line
            4.7 Average locations per statement

RAM used:   7/368 (2%) at main() level
            18/368 (5%) worst case

Stack used: 5 worst case (5 in main + 0 for interrupts)
Stack size: 8

Lines Stmts  %   Files
----- ----- ---  -----
   79    44  39  main.c
   10     0   0  main.h
  671     0   0  ..\..\..\..\..\..\Program Files (x86)\PICC\Devices\16F877A.h
  162    68  61  ..\..\..\..\..\..\Program Files (x86)\PICC\Drivers\lcd420.c
----- -----
  922   112 Total

Page ROM  %  RAM   Vol Diff  Functions:
---- --- --- ---   --- ----  ----------
0     21   4    1             @delay_ms2
0      8   2    0             @const632
 Inline         3   463  4.3  lcd_read_byte
0     12   2    1   134  2.2  lcd_send_nibble
0     58  11    3   317  4.3  lcd_send_byte
0     44   8    2   422  4.7  lcd_init
0     26   5    3   321  5.5  lcd_gotoxy
0      8   2    0   182  2.7  @goto10622
0     39   7    1   308  5.0  lcd_putc
0    185  35    1  1184  2.9  MAIN
0      8   2    0  1206  2.9  @const664
0     86  16    4             @PSTRINGC7_655
0      8   2    0             @const666
0      9   2    0             @const667
0      9   2    0             @const668
 Inline         0             @cinit1

Program metrics:
    Functions               9
    Statements              112
    Comments                168
    Volume (V)              6812
    Difficulty (D)          34.4
    Effort to implement (E) 234076
    Time to implement (T)   3 hours, 37 minutes
    Est Delivered Bugs (B)  1
    Cyclomatic Complexity   18
    Maintainability (MI)    115

 Segment     Used  Free
-----------  ----  ----
00000-00003     4  0  
00004-007FF   521  1523  
00800-00FFF     0  2048  
01000-017FF     0  2048  
01800-01FFF     0  2048  



