
ROM used:   672/8192 (8%)
            672/8192 (8%) including unused fragments

            0.6 Average locations per line
            5.2 Average locations per statement

RAM used:   9/368 (2%) at main() level
            25/368 (7%) worst case

Stack used: 5 worst case (5 in main + 0 for interrupts)
Stack size: 8

Lines Stmts  %   Files
----- ----- ---  -----
   84    45  35  main.c
   10     0   0  main.h
  671     0   0  C:\Program Files (x86)\PICC\Devices\16F877A.h
  456    84  65  C:\Program Files (x86)\PICC\Drivers\lcd.c
----- -----
 1221   129 Total

Page ROM  %  RAM   Vol Diff  Functions:
---- --- --- ---   --- ----  ----------
0     21   3    1   871  4.7  @delay_ms2
 Inline         3   596  5.9  lcd_read_byte
0      6   1    0    59  4.2  lcd_read_nibble
0     12   2    1   179  3.3  lcd_send_nibble
0     64  10    3   460  4.7  lcd_send_byte
0     62   9    6   814  7.2  lcd_init
0     18   3    4   208  6.3  lcd_gotoxy
0     44   7    1   354  4.7  lcd_putc
0     14   2    0    88  2.4  button_up
0     14   2    0    88  2.4  button_down
0     13   2    0    88  2.4  button_stop
0     14   2    0   119  2.9  delay_button
0     82  12    0   525  4.6  MAIN
0      9   1    0             @const674
0     88  13    4             @PSTRINGC7_651
0      6   1    0             @const676
0     87  13    5             @PSTRINGCN7_651
0     21   3    3             @DIV88
0     87  13    6             @PRINTF_D_651
0      6   1    0             @const685
 Inline         0             @cinit1

Program metrics:
    Functions               13
    Statements              129
    Comments                219
    Volume (V)              7216
    Difficulty (D)          54.6
    Effort to implement (E) 394349
    Time to implement (T)   6 hours, 5 minutes
    Est Delivered Bugs (B)  2
    Cyclomatic Complexity   17
    Maintainability (MI)    104

 Segment     Used  Free
-----------  ----  ----
00000-00003     4  0  
00004-007FF   668  1376  
00800-00FFF     0  2048  
01000-017FF     0  2048  
01800-01FFF     0  2048  



