
ROM used:   680/8192 (8%)
            680/8192 (8%) including unused fragments

            0.6 Average locations per line
            5.3 Average locations per statement

RAM used:   12/368 (3%) at main() level
            27/368 (7%) worst case

Stack used: 5 worst case (5 in main + 0 for interrupts)
Stack size: 8

Lines Stmts  %   Files
----- ----- ---  -----
   75    44  34  main.c
   10     0   0  main.h
  671     0   0  C:\Program Files (x86)\PICC\Devices\16F877A.h
  456    84  66  C:\Program Files (x86)\PICC\Drivers\lcd.c
----- -----
 1212   128 Total

Page ROM  %  RAM   Vol Diff  Functions:
---- --- --- ---   --- ----  ----------
0     21   3    1             @delay_ms2
 Inline         3   596  5.9  lcd_read_byte
0      6   1    0    59  4.2  lcd_read_nibble
0     12   2    1   179  3.3  lcd_send_nibble
0     64   9    3   460  4.7  lcd_send_byte
0     62   9    6   814  7.2  lcd_init
0     18   3    4   208  6.3  lcd_gotoxy
0     44   6    1   354  4.7  lcd_putc
0    136  20    1  1008  6.2  MAIN
0      9   1    0   100  2.9  @const673
0     86  13    4   598  4.7  @PSTRINGC7_651
0      7   1    0             @const676
0      6   1    0             @const677
0      6   1    0             @const678
0     89  13    5             @PSTRINGCN7_651
0     21   3    3             @DIV88
0     89  13    6             @PRINTF_D_651
 Inline         0             @cinit1

Program metrics:
    Functions               10
    Statements              128
    Comments                219
    Volume (V)              6765
    Difficulty (D)          48.1
    Effort to implement (E) 325367
    Time to implement (T)   5 hours, 1 minutes
    Est Delivered Bugs (B)  2
    Cyclomatic Complexity   20
    Maintainability (MI)    136

 Segment     Used  Free
-----------  ----  ----
00000-00003     4  0  
00004-007FF   676  1368  
00800-00FFF     0  2048  
01000-017FF     0  2048  
01800-01FFF     0  2048  



