
ROM used:   264/8192 (3%)
            264/8192 (3%) including unused fragments

            0.3 Average locations per line
            4.6 Average locations per statement

RAM used:   16/368 (4%) at main() level
            24/368 (7%) worst case

Stack used: 3 worst case (1 in main + 2 for interrupts)
Stack size: 8

Lines Stmts  %   Files
----- ----- ---  -----
  102    57 100  main.c
   10     0   0  main.h
  671     0   0  C:\Program Files (x86)\PICC\Devices\16F877A.h
----- -----
  783    57 Total

Page ROM  %  RAM   Vol Diff  Functions:
---- --- --- ---   --- ----  ----------
0     21   8    1             @delay_ms2
0     55  21    1   238  3.2  interrupt
0     16   6    0    86  2.8  start_f
0     17   6    0   145  3.9  stop_f
0    108  41    0  1006  6.6  MAIN
 Inline         0             @cinit1

Program metrics:
    Functions               4
    Statements              57
    Comments                119
    Volume (V)              1889
    Difficulty (D)          16.9
    Effort to implement (E) 31936
    Time to implement (T)   30 minutes
    Est Delivered Bugs (B)  0
    Cyclomatic Complexity   11
    Maintainability (MI)    137

 Segment     Used  Free
-----------  ----  ----
00000-00003     4  0  
00004-0002E    43  0  
0002F-007FF   217  1784  
00800-00FFF     0  2048  
01000-017FF     0  2048  
01800-01FFF     0  2048  



