
ROM used:   59/8192 (1%)
            59/8192 (1%) including unused fragments

            0.1 Average locations per line
            8.4 Average locations per statement

RAM used:   17/368 (5%) at main() level
            17/368 (5%) worst case

Stack used: 0 worst case (0 in main + 0 for interrupts)
Stack size: 8

Lines Stmts  %   Files
----- ----- ---  -----
   34     7 100  main.c
   10     0   0  main.h
  671     0   0  C:\Program Files (x86)\PICC\Devices\16F877A.h
----- -----
  715     7 Total

Page ROM  %  RAM   Vol Diff  Functions:
---- --- --- ---   --- ----  ----------
0     55  93    0   106  1.7  main
 Inline         0   106  1.7  @cinit1

Program metrics:
    Functions               2
    Statements              7
    Comments                125
    Volume (V)              265
    Difficulty (D)          3.4
    Effort to implement (E) 895
    Time to implement (T)   1 minutes
    Est Delivered Bugs (B)  0
    Cyclomatic Complexity   1
    Maintainability (MI)    110

 Segment     Used  Free
-----------  ----  ----
00000-00003     4  0  
00004-007FF    55  1989  
00800-00FFF     0  2048  
01000-017FF     0  2048  
01800-01FFF     0  2048  



