
ROM used:   242/8192 (3%)
            242/8192 (3%) including unused fragments

            0.3 Average locations per line
            3.4 Average locations per statement

RAM used:   7/368 (2%) at main() level
            8/368 (2%) worst case

Stack used: 1 worst case (1 in main + 0 for interrupts)
Stack size: 8

Lines Stmts  %   Files
----- ----- ---  -----
  128    71 100  2.soru.c
   10     0   0  2.soru.h
  671     0   0  ..\..\..\..\..\..\Program Files (x86)\PICC\Devices\16F877A.h
----- -----
  809    71 Total

Page ROM  %  RAM   Vol Diff  Functions:
---- --- --- ---   --- ----  ----------
0     21   9    1             @delay_ms2
0    217  90    1  1608  5.4  main
 Inline         0             @cinit1

Program metrics:
    Functions               1
    Statements              71
    Comments                119
    Volume (V)              1615
    Difficulty (D)          5.3
    Effort to implement (E) 8499
    Time to implement (T)   8 minutes
    Est Delivered Bugs (B)  0
    Cyclomatic Complexity   16
    Maintainability (MI)    13

 Segment     Used  Free
-----------  ----  ----
00000-00003     4  0  
00004-007FF   238  1806  
00800-00FFF     0  2048  
01000-017FF     0  2048  
01800-01FFF     0  2048  



