
ROM used:   646/8192 (8%)
            646/8192 (8%) including unused fragments

            0.6 Average locations per line
            6.8 Average locations per statement

RAM used:   30/368 (8%) at main() level
            60/368 (16%) worst case

Stack used: 8 worst case (4 in main + 4 for interrupts)
Stack size: 8

Lines Stmts  %   Files
----- ----- ---  -----
   34    11  12  main.c
  671     0   0  C:\Program Files (x86)\PICC\Devices\16f877A.h
  456    84  88  C:\Program Files (x86)\PICC\Drivers\lcd.c
----- -----
 1161    95 Total

Page ROM  %  RAM   Vol Diff  Functions:
---- --- --- ---   --- ----  ----------
0     21   3    1             @delay_ms1
 Inline         3   596  5.9  lcd_read_byte
 Inline         0    59  4.2  lcd_read_nibble
0     12   2    1   179  3.3  lcd_send_nibble
0     72  11    3   460  4.7  lcd_send_byte
0     98  15    6   814  7.2  lcd_init
 Inline         4   208  6.3  lcd_gotoxy
0     76  12    1   354  4.7  lcd_putc
0    103  16    1    43  1.8  dis_kesme
0     21   3    3    56  1.6  @DIV88
 Inline         6   181  2.1  @PRINTF_D_647
0     61   9    0   181  2.1  MAIN
0      3   0    0   181  2.1  @const673
0    100  15    4             @PSTRINGC7_647
 Inline         0             @cinit1

Program metrics:
    Functions               12
    Statements              95
    Comments                219
    Volume (V)              5386
    Difficulty (D)          45.6
    Effort to implement (E) 245466
    Time to implement (T)   3 hours, 47 minutes
    Est Delivered Bugs (B)  1
    Cyclomatic Complexity   8
    Maintainability (MI)    122

 Segment     Used  Free
-----------  ----  ----
00000-00003     4  0  
00004-0004E    75  0  
0004F-007FF   567  1402  
00800-00FFF     0  2048  
01000-017FF     0  2048  
01800-01FFF     0  2048  



