
ROM used:   186/8192 (2%)
            186/8192 (2%) including unused fragments

            0.2 Average locations per line
            3.4 Average locations per statement

RAM used:   8/368 (2%) at main() level
            9/368 (2%) worst case

Stack used: 1 worst case (1 in main + 0 for interrupts)
Stack size: 8

Lines Stmts  %   Files
----- ----- ---  -----
   93    54 100  3.soru.c
   10     0   0  3.soru.h
  671     0   0  ..\..\..\..\..\..\Program Files (x86)\PICC\Devices\16F877A.h
----- -----
  774    54 Total

Page ROM  %  RAM   Vol Diff  Functions:
---- --- --- ---   --- ----  ----------
0     21  11    1             @delay_ms2
0    161  87    1  1224  5.8  main
 Inline         0             @cinit1

Program metrics:
    Functions               1
    Statements              54
    Comments                119
    Volume (V)              1230
    Difficulty (D)          5.7
    Effort to implement (E) 7006
    Time to implement (T)   6 minutes
    Est Delivered Bugs (B)  0
    Cyclomatic Complexity   10
    Maintainability (MI)    21

 Segment     Used  Free
-----------  ----  ----
00000-00003     4  0  
00004-007FF   182  1862  
00800-00FFF     0  2048  
01000-017FF     0  2048  
01800-01FFF     0  2048  



