
ROM used:   477/8192 (6%)
            477/8192 (6%) including unused fragments

            0.6 Average locations per line
            5.3 Average locations per statement

RAM used:   28/368 (8%) at main() level
            33/368 (9%) worst case

Stack used: 2 worst case (2 in main + 0 for interrupts)
Stack size: 8

Lines Stmts  %   Files
----- ----- ---  -----
  147    90 100  main.c
   10     0   0  main.h
  671     0   0  C:\Program Files (x86)\PICC\Devices\16F877A.h
----- -----
  828    90 Total

Page ROM  %  RAM   Vol Diff  Functions:
---- --- --- ---   --- ----  ----------
0     21   4    1             @delay_ms2
0     39   8    0   233  4.5  button_up
0     39   8    0   233  4.5  button_down
0     50  10    0   364  4.2  button_stop
0    264  55    1  1630  7.8  MAIN
0     37   8    5             @DIV1616
0     23   5    3             @DIV88
 Inline         0             @cinit1

Program metrics:
    Functions               4
    Statements              90
    Comments                123
    Volume (V)              3115
    Difficulty (D)          21.0
    Effort to implement (E) 65466
    Time to implement (T)   1 hours, 1 minutes
    Est Delivered Bugs (B)  1
    Cyclomatic Complexity   14
    Maintainability (MI)    122

 Segment     Used  Free
-----------  ----  ----
00000-00003     4  0  
00004-007FF   473  1571  
00800-00FFF     0  2048  
01000-017FF     0  2048  
01800-01FFF     0  2048  



