
ROM used:   334/8192 (4%)
            334/8192 (4%) including unused fragments

            0.4 Average locations per line
            4.0 Average locations per statement

RAM used:   27/368 (7%) at main() level
            30/368 (8%) worst case

Stack used: 2 worst case (2 in main + 0 for interrupts)
Stack size: 8

Lines Stmts  %   Files
----- ----- ---  -----
  140    84 100  main.c
   10     0   0  main.h
  671     0   0  C:\Program Files (x86)\PICC\Devices\16F877A.h
----- -----
  821    84 Total

Page ROM  %  RAM   Vol Diff  Functions:
---- --- --- ---   --- ----  ----------
0     21   6    1             @delay_ms2
0     33  10    0   233  4.5  button_up
0     34  10    0   233  4.5  button_down
0     40  12    0   377  4.2  button_stop
0    181  54    1  1383  7.8  MAIN
0     21   6    3             @DIV88
 Inline         0             @cinit1

Program metrics:
    Functions               4
    Statements              84
    Comments                121
    Volume (V)              2859
    Difficulty (D)          21.0
    Effort to implement (E) 60097
    Time to implement (T)   56 minutes
    Est Delivered Bugs (B)  1
    Cyclomatic Complexity   14
    Maintainability (MI)    126

 Segment     Used  Free
-----------  ----  ----
00000-00003     4  0  
00004-007FF   330  1714  
00800-00FFF     0  2048  
01000-017FF     0  2048  
01800-01FFF     0  2048  



