
ROM used:   1494/8192 (18%)
            1494/8192 (18%) including unused fragments

            0.4 Average locations per line
            2.9 Average locations per statement

RAM used:   25/368 (7%) at main() level
            50/368 (14%) worst case

Stack used: 6 worst case (6 in main + 0 for interrupts)
Stack size: 8

Lines Stmts  %   Files
----- ----- ---  -----
  229   170  33  main.c
   10     0   0  main.h
  671     0   0  C:\Program Files (x86)\PICC\Devices\16F877A.h
 2229   257  50  C:\Program Files (x86)\PICC\Drivers\math.h
  456    84  16  C:\Program Files (x86)\PICC\Drivers\lcd.c
----- -----
 3595   511 Total

Page ROM  %  RAM   Vol Diff  Functions:
---- --- --- ---   --- ----  ----------
0     21   1    1             @delay_ms1
 Inline         3   596  5.9  lcd_read_byte
0      6   0    0    59  4.2  lcd_read_nibble
0     12   1    1   179  3.3  lcd_send_nibble
0     64   4    3   460  4.7  lcd_send_byte
0     62   4    6   814  7.2  lcd_init
0     18   1    4   208  6.3  lcd_gotoxy
0     44   3    1   354  4.7  lcd_putc
 Inline         0  1172  6.3  sonuc_bul
0      4   0    0             @const807
0     86   6    4             @PSTRINGC7_789
0     79   5   13             @DIV3232
0    126   8   12             @PRINTF_L32D_789
0     42   3   13  4127  4.9  @MUL3232
0    883  59    4  4127  4.9  tus
0      3   0    0             @const834
0     40   3    0    74  1.6  MAIN
 Inline         0             @cinit1

Program metrics:
    Functions               11
    Statements              511
    Comments                476
    Volume (V)              16867
    Difficulty (D)          50.9
    Effort to implement (E) 858410
    Time to implement (T)   13 hours, 15 minutes
    Est Delivered Bugs (B)  3
    Cyclomatic Complexity   44
    Maintainability (MI)    35

 Segment     Used  Free
-----------  ----  ----
00000-00003     4  0  
00004-007FF  1490  554  
00800-00FFF     0  2048  
01000-017FF     0  2048  
01800-01FFF     0  2048  



